  main.c
D:\Visual Studio\YUV\YuvReader\utils.h(47): warning C4215: nonstandard extension used: long float
D:\Visual Studio\YUV\YuvReader\main.c(34): warning C4101: 'prevFramePath': unreferenced local variable
D:\Visual Studio\YUV\YuvReader\main.c(35): warning C4101: 'currentFramePath': unreferenced local variable
  utils.c
D:\Visual Studio\YUV\YuvReader\utils.h(47): warning C4215: nonstandard extension used: long float
D:\Visual Studio\YUV\YuvReader\utils.c(49): warning C4244: 'initializing': conversion from 'double' to 'int', possible loss of data
D:\Visual Studio\YUV\YuvReader\utils.c(51): warning C4244: 'initializing': conversion from 'double' to 'int', possible loss of data
D:\Visual Studio\YUV\YuvReader\utils.c(40): warning C4101: 'angles': unreferenced local variable
D:\Visual Studio\YUV\YuvReader\utils.c(61): warning C4244: 'initializing': conversion from 'double' to 'int', possible loss of data
D:\Visual Studio\YUV\YuvReader\utils.c(65): warning C4244: 'initializing': conversion from 'double' to 'int', possible loss of data
D:\Visual Studio\YUV\YuvReader\utils.c(81): warning C4028: formal parameter 2 different from declaration
D:\Visual Studio\YUV\YuvReader\utils.c(86): warning C4018: '<': signed/unsigned mismatch
D:\Visual Studio\YUV\YuvReader\utils.c(189): warning C4215: nonstandard extension used: long float
D:\Visual Studio\YUV\YuvReader\utils.c(191): warning C4215: nonstandard extension used: long float
D:\Visual Studio\YUV\YuvReader\utils.c(193): warning C4215: nonstandard extension used: long float
D:\Visual Studio\YUV\YuvReader\utils.c(199): warning C4215: nonstandard extension used: long float
D:\Visual Studio\YUV\YuvReader\utils.c(201): warning C4215: nonstandard extension used: long float
D:\Visual Studio\YUV\YuvReader\utils.c(203): warning C4215: nonstandard extension used: long float
D:\Visual Studio\YUV\YuvReader\utils.c(220): warning C4244: '=': conversion from 'double' to 'float', possible loss of data
D:\Visual Studio\YUV\YuvReader\utils.c(264): warning C4244: '=': conversion from 'double' to 'float', possible loss of data
D:\Visual Studio\YUV\YuvReader\utils.c(430): warning C4215: nonstandard extension used: long float
D:\Visual Studio\YUV\YuvReader\utils.c(431): warning C4215: nonstandard extension used: long float
D:\Visual Studio\YUV\YuvReader\utils.c(497): warning C4101: 'point': unreferenced local variable
D:\Visual Studio\YUV\YuvReader\utils.c(515): warning C4215: nonstandard extension used: long float
D:\Visual Studio\YUV\YuvReader\utils.c(516): warning C4215: nonstandard extension used: long float
D:\Visual Studio\YUV\YuvReader\utils.c(509): warning C4101: 'priv': unreferenced local variable
D:\Visual Studio\YUV\YuvReader\utils.c(589): warning C4133: 'return': incompatible types - from 'Vector *' to 'Point *'
D:\Visual Studio\YUV\YuvReader\utils.c(577): warning C4244: 'initializing': conversion from 'double' to 'int', possible loss of data
D:\Visual Studio\YUV\YuvReader\utils.c(556): warning C4101: 'best': unreferenced local variable
D:\Visual Studio\YUV\YuvReader\utils.c(632): warning C4133: 'return': incompatible types - from 'Vector *' to 'Point *'
D:\Visual Studio\YUV\YuvReader\utils.c(621): warning C4244: 'initializing': conversion from 'double' to 'int', possible loss of data
D:\Visual Studio\YUV\YuvReader\utils.c(596): warning C4101: 'best': unreferenced local variable
D:\Visual Studio\YUV\YuvReader\utils.c(652): warning C4305: 'function': truncation from 'double' to 'float'
D:\Visual Studio\YUV\YuvReader\utils.c(673): warning C4133: 'return': incompatible types - from 'Vector *' to 'Point *'
D:\Visual Studio\YUV\YuvReader\utils.c(661): warning C4244: 'initializing': conversion from 'double' to 'int', possible loss of data
D:\Visual Studio\YUV\YuvReader\utils.c(638): warning C4101: 'best': unreferenced local variable
D:\Visual Studio\YUV\YuvReader\utils.c(699): warning C4013: 'time' undefined; assuming extern returning int
D:\Visual Studio\YUV\YuvReader\utils.c(717): error C2143: syntax error: missing ';' before ')'
D:\Visual Studio\YUV\YuvReader\utils.c(718): warning C4244: 'return': conversion from 'double' to 'float', possible loss of data
D:\Visual Studio\YUV\YuvReader\utils.c(723): error C2143: syntax error: missing ';' before '}'
  Generating Code...
